[2026-01-15T08:31:41.553+0000] {manager.py:469} INFO - Processing files using up to 1 processes at a time 
[2026-01-15T08:31:41.554+0000] {manager.py:470} INFO - Process each file at most once every 30 seconds
[2026-01-15T08:31:41.555+0000] {manager.py:471} INFO - Checking for new files in /opt/airflow/dags every 300 seconds
[2026-01-15T08:31:41.555+0000] {manager.py:738} INFO - Searching for files in /opt/airflow/dags
[2026-01-15T08:31:41.591+0000] {manager.py:741} INFO - There are 1 files in /opt/airflow/dags
[2026-01-15T08:31:41.780+0000] {manager.py:879} INFO - 
================================================================================
DAG File Processing Stats

File Path                          PID    Runtime      # DAGs    # Errors  Last Runtime    Last Run
---------------------------------  -----  ---------  --------  ----------  --------------  -------------------
/opt/airflow/dags/user_etl_dag.py                           0           1  0.11s           2026-01-15T08:31:41
================================================================================
[2026-01-15T08:32:12.091+0000] {manager.py:879} INFO - 
================================================================================
DAG File Processing Stats

File Path                          PID    Runtime      # DAGs    # Errors  Last Runtime    Last Run
---------------------------------  -----  ---------  --------  ----------  --------------  -------------------
/opt/airflow/dags/user_etl_dag.py                           0           1  0.21s           2026-01-15T08:32:12
================================================================================
[2026-01-15T08:32:42.722+0000] {manager.py:879} INFO - 
================================================================================
DAG File Processing Stats

File Path                          PID    Runtime      # DAGs    # Errors  Last Runtime    Last Run
---------------------------------  -----  ---------  --------  ----------  --------------  -------------------
/opt/airflow/dags/user_etl_dag.py                           0           1  0.21s           2026-01-15T08:32:42
================================================================================
[2026-01-15T08:33:13.202+0000] {manager.py:879} INFO - 
================================================================================
DAG File Processing Stats

File Path                          PID    Runtime      # DAGs    # Errors  Last Runtime    Last Run
---------------------------------  -----  ---------  --------  ----------  --------------  -------------------
/opt/airflow/dags/user_etl_dag.py                           0           1  0.21s           2026-01-15T08:33:13
================================================================================
[2026-01-15T08:33:43.663+0000] {manager.py:879} INFO - 
================================================================================
DAG File Processing Stats

File Path                          PID    Runtime      # DAGs    # Errors  Last Runtime    Last Run
---------------------------------  -----  ---------  --------  ----------  --------------  -------------------
/opt/airflow/dags/user_etl_dag.py                           0           1  0.11s           2026-01-15T08:33:43
================================================================================
[2026-01-15T08:34:14.141+0000] {manager.py:879} INFO - 
================================================================================
DAG File Processing Stats

File Path                          PID    Runtime      # DAGs    # Errors  Last Runtime    Last Run
---------------------------------  -----  ---------  --------  ----------  --------------  -------------------
/opt/airflow/dags/user_etl_dag.py                           0           1  0.11s           2026-01-15T08:34:14
================================================================================
[2026-01-15T08:34:44.606+0000] {manager.py:879} INFO - 
================================================================================
DAG File Processing Stats

File Path                          PID    Runtime      # DAGs    # Errors  Last Runtime    Last Run
---------------------------------  -----  ---------  --------  ----------  --------------  -------------------
/opt/airflow/dags/user_etl_dag.py                           0           1  0.21s           2026-01-15T08:34:44
================================================================================
[2026-01-15T08:35:15.077+0000] {manager.py:879} INFO - 
================================================================================
DAG File Processing Stats

File Path                          PID    Runtime      # DAGs    # Errors  Last Runtime    Last Run
---------------------------------  -----  ---------  --------  ----------  --------------  -------------------
/opt/airflow/dags/user_etl_dag.py                           0           1  0.11s           2026-01-15T08:35:15
================================================================================
[2026-01-15T08:35:45.664+0000] {manager.py:879} INFO - 
================================================================================
DAG File Processing Stats

File Path                          PID    Runtime      # DAGs    # Errors  Last Runtime    Last Run
---------------------------------  -----  ---------  --------  ----------  --------------  -------------------
/opt/airflow/dags/user_etl_dag.py                           0           1  0.21s           2026-01-15T08:35:45
================================================================================
[2026-01-15T08:36:45.724+0000] {manager.py:469} INFO - Processing files using up to 1 processes at a time 
[2026-01-15T08:36:45.725+0000] {manager.py:470} INFO - Process each file at most once every 30 seconds
[2026-01-15T08:36:45.726+0000] {manager.py:471} INFO - Checking for new files in /opt/airflow/dags every 300 seconds
[2026-01-15T08:36:45.727+0000] {manager.py:738} INFO - Searching for files in /opt/airflow/dags
[2026-01-15T08:36:45.759+0000] {manager.py:741} INFO - There are 1 files in /opt/airflow/dags
[2026-01-15T08:36:45.936+0000] {manager.py:879} INFO - 
================================================================================
DAG File Processing Stats

File Path                          PID    Runtime      # DAGs    # Errors  Last Runtime    Last Run
---------------------------------  -----  ---------  --------  ----------  --------------  -------------------
/opt/airflow/dags/user_etl_dag.py                           0           1  0.11s           2026-01-15T08:36:45
================================================================================
[2026-01-15T08:37:16.253+0000] {manager.py:879} INFO - 
================================================================================
DAG File Processing Stats

File Path                          PID    Runtime      # DAGs    # Errors  Last Runtime    Last Run
---------------------------------  -----  ---------  --------  ----------  --------------  -------------------
/opt/airflow/dags/user_etl_dag.py                           0           1  0.21s           2026-01-15T08:37:16
================================================================================
[2026-01-15T08:37:46.882+0000] {manager.py:879} INFO - 
================================================================================
DAG File Processing Stats

File Path                          PID    Runtime      # DAGs    # Errors  Last Runtime    Last Run
---------------------------------  -----  ---------  --------  ----------  --------------  -------------------
/opt/airflow/dags/user_etl_dag.py                           0           1  0.21s           2026-01-15T08:37:46
================================================================================
[2026-01-15T08:38:17.359+0000] {manager.py:879} INFO - 
================================================================================
DAG File Processing Stats

File Path                          PID    Runtime      # DAGs    # Errors  Last Runtime    Last Run
---------------------------------  -----  ---------  --------  ----------  --------------  -------------------
/opt/airflow/dags/user_etl_dag.py                           0           1  0.21s           2026-01-15T08:38:17
================================================================================
[2026-01-15T08:38:47.915+0000] {manager.py:879} INFO - 
================================================================================
DAG File Processing Stats

File Path                          PID    Runtime      # DAGs    # Errors  Last Runtime    Last Run
---------------------------------  -----  ---------  --------  ----------  --------------  -------------------
/opt/airflow/dags/user_etl_dag.py                           0           1  0.21s           2026-01-15T08:38:47
================================================================================
[2026-01-15T08:39:18.473+0000] {manager.py:879} INFO - 
================================================================================
DAG File Processing Stats

File Path                          PID    Runtime      # DAGs    # Errors  Last Runtime    Last Run
---------------------------------  -----  ---------  --------  ----------  --------------  -------------------
/opt/airflow/dags/user_etl_dag.py                           0           1  0.21s           2026-01-15T08:39:18
================================================================================
[2026-01-15T08:39:48.749+0000] {manager.py:879} INFO - 
================================================================================
DAG File Processing Stats

File Path                          PID    Runtime      # DAGs    # Errors  Last Runtime    Last Run
---------------------------------  -----  ---------  --------  ----------  --------------  -------------------
/opt/airflow/dags/user_etl_dag.py                           0           1  0.21s           2026-01-15T08:39:48
================================================================================
[2026-01-15T08:40:19.507+0000] {manager.py:879} INFO - 
================================================================================
DAG File Processing Stats

File Path                          PID    Runtime      # DAGs    # Errors  Last Runtime    Last Run
---------------------------------  -----  ---------  --------  ----------  --------------  -------------------
/opt/airflow/dags/user_etl_dag.py                           0           1  0.31s           2026-01-15T08:40:19
================================================================================
[2026-01-15T08:40:49.804+0000] {manager.py:879} INFO - 
================================================================================
DAG File Processing Stats

File Path                          PID    Runtime      # DAGs    # Errors  Last Runtime    Last Run
---------------------------------  -----  ---------  --------  ----------  --------------  -------------------
/opt/airflow/dags/user_etl_dag.py                           0           1  0.10s           2026-01-15T08:40:27
================================================================================
[2026-01-15T08:41:19.951+0000] {manager.py:879} INFO - 
================================================================================
DAG File Processing Stats

File Path                          PID    Runtime      # DAGs    # Errors  Last Runtime    Last Run
---------------------------------  -----  ---------  --------  ----------  --------------  -------------------
/opt/airflow/dags/user_etl_dag.py                           0           1  0.10s           2026-01-15T08:40:58
================================================================================
[2026-01-15T08:41:45.859+0000] {manager.py:738} INFO - Searching for files in /opt/airflow/dags
[2026-01-15T08:41:45.891+0000] {manager.py:741} INFO - There are 1 files in /opt/airflow/dags
[2026-01-15T08:41:50.053+0000] {manager.py:879} INFO - 
================================================================================
DAG File Processing Stats

File Path                          PID    Runtime      # DAGs    # Errors  Last Runtime    Last Run
---------------------------------  -----  ---------  --------  ----------  --------------  -------------------
/opt/airflow/dags/user_etl_dag.py                           0           1  0.10s           2026-01-15T08:41:29
================================================================================
[2026-01-15T08:42:20.198+0000] {manager.py:879} INFO - 
================================================================================
DAG File Processing Stats

File Path                          PID    Runtime      # DAGs    # Errors  Last Runtime    Last Run
---------------------------------  -----  ---------  --------  ----------  --------------  -------------------
/opt/airflow/dags/user_etl_dag.py                           1           0  0.51s           2026-01-15T08:42:16
================================================================================
[2026-01-15T08:42:27.086+0000] {manager.py:1129} WARNING - Skipping processing of missing file: /opt/airflow/dags/user_etl_dag.py
[2026-01-15T08:46:46.142+0000] {manager.py:738} INFO - Searching for files in /opt/airflow/dags
[2026-01-15T08:46:46.180+0000] {manager.py:741} INFO - There are 1 files in /opt/airflow/dags
[2026-01-15T08:46:52.256+0000] {manager.py:879} INFO - 
================================================================================
DAG File Processing Stats

File Path                               PID    Runtime      # DAGs    # Errors  Last Runtime    Last Run
--------------------------------------  -----  ---------  --------  ----------  --------------  -------------------
/opt/airflow/dags/user_etl_pipeline.py                           1           0  1.62s           2026-01-15T08:46:47
================================================================================
[2026-01-15T08:47:22.471+0000] {manager.py:879} INFO - 
================================================================================
DAG File Processing Stats

File Path                               PID    Runtime      # DAGs    # Errors  Last Runtime    Last Run
--------------------------------------  -----  ---------  --------  ----------  --------------  -------------------
/opt/airflow/dags/user_etl_pipeline.py                           1           0  0.41s           2026-01-15T08:47:18
================================================================================
[2026-01-15T08:47:52.796+0000] {manager.py:879} INFO - 
================================================================================
DAG File Processing Stats

File Path                               PID    Runtime      # DAGs    # Errors  Last Runtime    Last Run
--------------------------------------  -----  ---------  --------  ----------  --------------  -------------------
/opt/airflow/dags/user_etl_pipeline.py                           1           0  0.41s           2026-01-15T08:47:48
================================================================================
[2026-01-15T08:48:23.162+0000] {manager.py:879} INFO - 
================================================================================
DAG File Processing Stats

File Path                               PID    Runtime      # DAGs    # Errors  Last Runtime    Last Run
--------------------------------------  -----  ---------  --------  ----------  --------------  -------------------
/opt/airflow/dags/user_etl_pipeline.py                           1           0  0.41s           2026-01-15T08:48:19
================================================================================
[2026-01-15T08:48:55.456+0000] {manager.py:879} INFO - 
================================================================================
DAG File Processing Stats

File Path                               PID    Runtime      # DAGs    # Errors  Last Runtime    Last Run
--------------------------------------  -----  ---------  --------  ----------  --------------  -------------------
/opt/airflow/dags/user_etl_pipeline.py                           1           0  1.22s           2026-01-15T08:48:51
================================================================================
[2026-01-15T08:49:25.667+0000] {manager.py:879} INFO - 
================================================================================
DAG File Processing Stats

File Path                               PID    Runtime      # DAGs    # Errors  Last Runtime    Last Run
--------------------------------------  -----  ---------  --------  ----------  --------------  -------------------
/opt/airflow/dags/user_etl_pipeline.py                           1           0  0.41s           2026-01-15T08:49:21
================================================================================
[2026-01-15T08:49:56.345+0000] {manager.py:879} INFO - 
================================================================================
DAG File Processing Stats

File Path                               PID    Runtime      # DAGs    # Errors  Last Runtime    Last Run
--------------------------------------  -----  ---------  --------  ----------  --------------  -------------------
/opt/airflow/dags/user_etl_pipeline.py                           1           0  1.22s           2026-01-15T08:49:53
================================================================================
[2026-01-15T08:50:26.616+0000] {manager.py:879} INFO - 
================================================================================
DAG File Processing Stats

File Path                               PID    Runtime      # DAGs    # Errors  Last Runtime    Last Run
--------------------------------------  -----  ---------  --------  ----------  --------------  -------------------
/opt/airflow/dags/user_etl_pipeline.py                           1           0  0.31s           2026-01-15T08:50:23
================================================================================
[2026-01-15T08:50:56.706+0000] {manager.py:879} INFO - 
================================================================================
DAG File Processing Stats

File Path                               PID    Runtime      # DAGs    # Errors  Last Runtime    Last Run
--------------------------------------  -----  ---------  --------  ----------  --------------  -------------------
/opt/airflow/dags/user_etl_pipeline.py                           1           0  0.92s           2026-01-15T08:50:54
================================================================================
[2026-01-15T08:51:27.185+0000] {manager.py:879} INFO - 
================================================================================
DAG File Processing Stats

File Path                               PID    Runtime      # DAGs    # Errors  Last Runtime    Last Run
--------------------------------------  -----  ---------  --------  ----------  --------------  -------------------
/opt/airflow/dags/user_etl_pipeline.py                           1           0  0.41s           2026-01-15T08:51:25
================================================================================
[2026-01-15T08:51:46.533+0000] {manager.py:738} INFO - Searching for files in /opt/airflow/dags
[2026-01-15T08:51:46.827+0000] {manager.py:741} INFO - There are 1 files in /opt/airflow/dags
[2026-01-15T08:51:58.856+0000] {manager.py:879} INFO - 
================================================================================
DAG File Processing Stats

File Path                               PID    Runtime      # DAGs    # Errors  Last Runtime    Last Run
--------------------------------------  -----  ---------  --------  ----------  --------------  -------------------
/opt/airflow/dags/user_etl_pipeline.py                           1           0  3.46s           2026-01-15T08:51:58
================================================================================
[2026-01-15T08:52:32.665+0000] {manager.py:879} INFO - 
================================================================================
DAG File Processing Stats

File Path                               PID    Runtime      # DAGs    # Errors  Last Runtime    Last Run
--------------------------------------  -----  ---------  --------  ----------  --------------  -------------------
/opt/airflow/dags/user_etl_pipeline.py                           1           0  3.46s           2026-01-15T08:52:32
================================================================================
[2026-01-15T08:53:05.293+0000] {manager.py:879} INFO - 
================================================================================
DAG File Processing Stats

File Path                               PID    Runtime      # DAGs    # Errors  Last Runtime    Last Run
--------------------------------------  -----  ---------  --------  ----------  --------------  -------------------
/opt/airflow/dags/user_etl_pipeline.py                           1           0  2.55s           2026-01-15T08:53:05
================================================================================
[2026-01-15T08:53:36.458+0000] {manager.py:879} INFO - 
================================================================================
DAG File Processing Stats

File Path                               PID    Runtime      # DAGs    # Errors  Last Runtime    Last Run
--------------------------------------  -----  ---------  --------  ----------  --------------  -------------------
/opt/airflow/dags/user_etl_pipeline.py                           1           0  0.92s           2026-01-15T08:53:36
================================================================================
[2026-01-15T08:54:07.474+0000] {manager.py:879} INFO - 
================================================================================
DAG File Processing Stats

File Path                               PID    Runtime      # DAGs    # Errors  Last Runtime    Last Run
--------------------------------------  -----  ---------  --------  ----------  --------------  -------------------
/opt/airflow/dags/user_etl_pipeline.py                           1           0  0.92s           2026-01-15T08:54:07
================================================================================
[2026-01-15T08:54:37.985+0000] {manager.py:879} INFO - 
================================================================================
DAG File Processing Stats

File Path                               PID    Runtime      # DAGs    # Errors  Last Runtime    Last Run
--------------------------------------  -----  ---------  --------  ----------  --------------  -------------------
/opt/airflow/dags/user_etl_pipeline.py                           1           0  0.41s           2026-01-15T08:54:37
================================================================================
[2026-01-15T08:55:09.613+0000] {manager.py:879} INFO - 
================================================================================
DAG File Processing Stats

File Path                               PID    Runtime      # DAGs    # Errors  Last Runtime    Last Run
--------------------------------------  -----  ---------  --------  ----------  --------------  -------------------
/opt/airflow/dags/user_etl_pipeline.py                           1           0  1.52s           2026-01-15T08:55:09
================================================================================
[2026-01-15T08:55:40.234+0000] {manager.py:879} INFO - 
================================================================================
DAG File Processing Stats

File Path                               PID    Runtime      # DAGs    # Errors  Last Runtime    Last Run
--------------------------------------  -----  ---------  --------  ----------  --------------  -------------------
/opt/airflow/dags/user_etl_pipeline.py                           1           0  0.41s           2026-01-15T08:55:40
================================================================================
[2026-01-15T08:55:42.305+0000] {manager.py:1129} WARNING - Skipping processing of missing file: /opt/airflow/dags/user_etl_pipeline.py
[2026-01-15T08:56:46.944+0000] {manager.py:738} INFO - Searching for files in /opt/airflow/dags
[2026-01-15T08:56:46.987+0000] {manager.py:741} INFO - There are 1 files in /opt/airflow/dags
[2026-01-15T08:57:10.429+0000] {manager.py:879} INFO - 
================================================================================
DAG File Processing Stats

File Path                             PID    Runtime      # DAGs    # Errors  Last Runtime    Last Run
------------------------------------  -----  ---------  --------  ----------  --------------  -------------------
/opt/airflow/dags/airflow_etl_dag.py                           1           0  1.11s           2026-01-15T08:56:48
================================================================================
[2026-01-15T08:57:40.489+0000] {manager.py:879} INFO - 
================================================================================
DAG File Processing Stats

File Path                             PID    Runtime      # DAGs    # Errors  Last Runtime    Last Run
------------------------------------  -----  ---------  --------  ----------  --------------  -------------------
/opt/airflow/dags/airflow_etl_dag.py                           1           0  0.71s           2026-01-15T08:57:19
================================================================================
[2026-01-15T08:58:10.560+0000] {manager.py:879} INFO - 
================================================================================
DAG File Processing Stats

File Path                             PID    Runtime      # DAGs    # Errors  Last Runtime    Last Run
------------------------------------  -----  ---------  --------  ----------  --------------  -------------------
/opt/airflow/dags/airflow_etl_dag.py                           1           0  0.41s           2026-01-15T08:57:50
================================================================================
