[2026-01-15T08:56:47.123+0000] {processor.py:161} INFO - Started process (PID=111) to work on /opt/airflow/dags/airflow_etl_dag.py
[2026-01-15T08:56:47.126+0000] {processor.py:830} INFO - Processing file /opt/airflow/dags/airflow_etl_dag.py for tasks to queue
[2026-01-15T08:56:47.129+0000] {logging_mixin.py:188} INFO - [2026-01-15T08:56:47.128+0000] {dagbag.py:538} INFO - Filling up the DagBag from /opt/airflow/dags/airflow_etl_dag.py
[2026-01-15T08:56:47.841+0000] {processor.py:840} INFO - DAG(s) 'user_etl_pipeline' retrieved from /opt/airflow/dags/airflow_etl_dag.py
[2026-01-15T08:56:48.027+0000] {logging_mixin.py:188} INFO - [2026-01-15T08:56:48.026+0000] {dag.py:3036} INFO - Sync 1 DAGs
[2026-01-15T08:56:48.045+0000] {logging_mixin.py:188} INFO - [2026-01-15T08:56:48.045+0000] {dag.py:3823} INFO - Setting next_dagrun for user_etl_pipeline to None, run_after=None
[2026-01-15T08:56:48.090+0000] {processor.py:183} INFO - Processing /opt/airflow/dags/airflow_etl_dag.py took 0.975 seconds
[2026-01-15T08:57:18.362+0000] {processor.py:161} INFO - Started process (PID=113) to work on /opt/airflow/dags/airflow_etl_dag.py
[2026-01-15T08:57:18.363+0000] {processor.py:830} INFO - Processing file /opt/airflow/dags/airflow_etl_dag.py for tasks to queue
[2026-01-15T08:57:18.366+0000] {logging_mixin.py:188} INFO - [2026-01-15T08:57:18.365+0000] {dagbag.py:538} INFO - Filling up the DagBag from /opt/airflow/dags/airflow_etl_dag.py
[2026-01-15T08:57:18.892+0000] {processor.py:840} INFO - DAG(s) 'user_etl_pipeline' retrieved from /opt/airflow/dags/airflow_etl_dag.py
[2026-01-15T08:57:18.940+0000] {logging_mixin.py:188} INFO - [2026-01-15T08:57:18.939+0000] {dag.py:3036} INFO - Sync 1 DAGs
[2026-01-15T08:57:18.965+0000] {logging_mixin.py:188} INFO - [2026-01-15T08:57:18.964+0000] {dag.py:3823} INFO - Setting next_dagrun for user_etl_pipeline to None, run_after=None
[2026-01-15T08:57:19.005+0000] {processor.py:183} INFO - Processing /opt/airflow/dags/airflow_etl_dag.py took 0.647 seconds
[2026-01-15T08:57:49.650+0000] {processor.py:161} INFO - Started process (PID=115) to work on /opt/airflow/dags/airflow_etl_dag.py
[2026-01-15T08:57:49.651+0000] {processor.py:830} INFO - Processing file /opt/airflow/dags/airflow_etl_dag.py for tasks to queue
[2026-01-15T08:57:49.652+0000] {logging_mixin.py:188} INFO - [2026-01-15T08:57:49.652+0000] {dagbag.py:538} INFO - Filling up the DagBag from /opt/airflow/dags/airflow_etl_dag.py
[2026-01-15T08:57:49.917+0000] {processor.py:840} INFO - DAG(s) 'user_etl_pipeline' retrieved from /opt/airflow/dags/airflow_etl_dag.py
[2026-01-15T08:57:49.937+0000] {logging_mixin.py:188} INFO - [2026-01-15T08:57:49.937+0000] {dag.py:3036} INFO - Sync 1 DAGs
[2026-01-15T08:57:49.949+0000] {logging_mixin.py:188} INFO - [2026-01-15T08:57:49.949+0000] {dag.py:3823} INFO - Setting next_dagrun for user_etl_pipeline to None, run_after=None
[2026-01-15T08:57:49.972+0000] {processor.py:183} INFO - Processing /opt/airflow/dags/airflow_etl_dag.py took 0.325 seconds
[2026-01-15T08:58:20.759+0000] {processor.py:161} INFO - Started process (PID=117) to work on /opt/airflow/dags/airflow_etl_dag.py
[2026-01-15T08:58:20.761+0000] {processor.py:830} INFO - Processing file /opt/airflow/dags/airflow_etl_dag.py for tasks to queue
[2026-01-15T08:58:20.761+0000] {logging_mixin.py:188} INFO - [2026-01-15T08:58:20.761+0000] {dagbag.py:538} INFO - Filling up the DagBag from /opt/airflow/dags/airflow_etl_dag.py
[2026-01-15T08:58:21.005+0000] {processor.py:840} INFO - DAG(s) 'user_etl_pipeline' retrieved from /opt/airflow/dags/airflow_etl_dag.py
[2026-01-15T08:58:21.022+0000] {logging_mixin.py:188} INFO - [2026-01-15T08:58:21.022+0000] {dag.py:3036} INFO - Sync 1 DAGs
[2026-01-15T08:58:21.033+0000] {logging_mixin.py:188} INFO - [2026-01-15T08:58:21.032+0000] {dag.py:3823} INFO - Setting next_dagrun for user_etl_pipeline to None, run_after=None
[2026-01-15T08:58:21.052+0000] {processor.py:183} INFO - Processing /opt/airflow/dags/airflow_etl_dag.py took 0.296 seconds
