[2026-01-15T08:46:46.300+0000] {processor.py:161} INFO - Started process (PID=75) to work on /opt/airflow/dags/user_etl_pipeline.py
[2026-01-15T08:46:46.303+0000] {processor.py:830} INFO - Processing file /opt/airflow/dags/user_etl_pipeline.py for tasks to queue
[2026-01-15T08:46:46.307+0000] {logging_mixin.py:188} INFO - [2026-01-15T08:46:46.305+0000] {dagbag.py:538} INFO - Filling up the DagBag from /opt/airflow/dags/user_etl_pipeline.py
[2026-01-15T08:46:47.179+0000] {processor.py:840} INFO - DAG(s) 'user_etl_pipeline' retrieved from /opt/airflow/dags/user_etl_pipeline.py
[2026-01-15T08:46:47.485+0000] {logging_mixin.py:188} INFO - [2026-01-15T08:46:47.484+0000] {dag.py:3036} INFO - Sync 1 DAGs
[2026-01-15T08:46:47.768+0000] {logging_mixin.py:188} INFO - [2026-01-15T08:46:47.767+0000] {dag.py:3823} INFO - Setting next_dagrun for user_etl_pipeline to None, run_after=None
[2026-01-15T08:46:47.810+0000] {processor.py:183} INFO - Processing /opt/airflow/dags/user_etl_pipeline.py took 1.519 seconds
[2026-01-15T08:47:17.994+0000] {processor.py:161} INFO - Started process (PID=77) to work on /opt/airflow/dags/user_etl_pipeline.py
[2026-01-15T08:47:17.995+0000] {processor.py:830} INFO - Processing file /opt/airflow/dags/user_etl_pipeline.py for tasks to queue
[2026-01-15T08:47:17.996+0000] {logging_mixin.py:188} INFO - [2026-01-15T08:47:17.996+0000] {dagbag.py:538} INFO - Filling up the DagBag from /opt/airflow/dags/user_etl_pipeline.py
[2026-01-15T08:47:18.249+0000] {processor.py:840} INFO - DAG(s) 'user_etl_pipeline' retrieved from /opt/airflow/dags/user_etl_pipeline.py
[2026-01-15T08:47:18.269+0000] {logging_mixin.py:188} INFO - [2026-01-15T08:47:18.269+0000] {dag.py:3036} INFO - Sync 1 DAGs
[2026-01-15T08:47:18.280+0000] {logging_mixin.py:188} INFO - [2026-01-15T08:47:18.280+0000] {dag.py:3823} INFO - Setting next_dagrun for user_etl_pipeline to None, run_after=None
[2026-01-15T08:47:18.299+0000] {processor.py:183} INFO - Processing /opt/airflow/dags/user_etl_pipeline.py took 0.309 seconds
[2026-01-15T08:47:48.484+0000] {processor.py:161} INFO - Started process (PID=79) to work on /opt/airflow/dags/user_etl_pipeline.py
[2026-01-15T08:47:48.485+0000] {processor.py:830} INFO - Processing file /opt/airflow/dags/user_etl_pipeline.py for tasks to queue
[2026-01-15T08:47:48.487+0000] {logging_mixin.py:188} INFO - [2026-01-15T08:47:48.486+0000] {dagbag.py:538} INFO - Filling up the DagBag from /opt/airflow/dags/user_etl_pipeline.py
[2026-01-15T08:47:48.787+0000] {processor.py:840} INFO - DAG(s) 'user_etl_pipeline' retrieved from /opt/airflow/dags/user_etl_pipeline.py
[2026-01-15T08:47:48.812+0000] {logging_mixin.py:188} INFO - [2026-01-15T08:47:48.811+0000] {dag.py:3036} INFO - Sync 1 DAGs
[2026-01-15T08:47:48.826+0000] {logging_mixin.py:188} INFO - [2026-01-15T08:47:48.826+0000] {dag.py:3823} INFO - Setting next_dagrun for user_etl_pipeline to None, run_after=None
[2026-01-15T08:47:48.856+0000] {processor.py:183} INFO - Processing /opt/airflow/dags/user_etl_pipeline.py took 0.374 seconds
[2026-01-15T08:48:18.973+0000] {processor.py:161} INFO - Started process (PID=81) to work on /opt/airflow/dags/user_etl_pipeline.py
[2026-01-15T08:48:18.974+0000] {processor.py:830} INFO - Processing file /opt/airflow/dags/user_etl_pipeline.py for tasks to queue
[2026-01-15T08:48:18.976+0000] {logging_mixin.py:188} INFO - [2026-01-15T08:48:18.975+0000] {dagbag.py:538} INFO - Filling up the DagBag from /opt/airflow/dags/user_etl_pipeline.py
[2026-01-15T08:48:19.267+0000] {processor.py:840} INFO - DAG(s) 'user_etl_pipeline' retrieved from /opt/airflow/dags/user_etl_pipeline.py
[2026-01-15T08:48:19.292+0000] {logging_mixin.py:188} INFO - [2026-01-15T08:48:19.291+0000] {dag.py:3036} INFO - Sync 1 DAGs
[2026-01-15T08:48:19.304+0000] {logging_mixin.py:188} INFO - [2026-01-15T08:48:19.304+0000] {dag.py:3823} INFO - Setting next_dagrun for user_etl_pipeline to None, run_after=None
[2026-01-15T08:48:19.325+0000] {processor.py:183} INFO - Processing /opt/airflow/dags/user_etl_pipeline.py took 0.358 seconds
[2026-01-15T08:48:49.862+0000] {processor.py:161} INFO - Started process (PID=83) to work on /opt/airflow/dags/user_etl_pipeline.py
[2026-01-15T08:48:49.867+0000] {processor.py:830} INFO - Processing file /opt/airflow/dags/user_etl_pipeline.py for tasks to queue
[2026-01-15T08:48:49.869+0000] {logging_mixin.py:188} INFO - [2026-01-15T08:48:49.869+0000] {dagbag.py:538} INFO - Filling up the DagBag from /opt/airflow/dags/user_etl_pipeline.py
[2026-01-15T08:48:50.866+0000] {processor.py:840} INFO - DAG(s) 'user_etl_pipeline' retrieved from /opt/airflow/dags/user_etl_pipeline.py
[2026-01-15T08:48:50.911+0000] {logging_mixin.py:188} INFO - [2026-01-15T08:48:50.910+0000] {dag.py:3036} INFO - Sync 1 DAGs
[2026-01-15T08:48:50.936+0000] {logging_mixin.py:188} INFO - [2026-01-15T08:48:50.935+0000] {dag.py:3823} INFO - Setting next_dagrun for user_etl_pipeline to None, run_after=None
[2026-01-15T08:48:50.975+0000] {processor.py:183} INFO - Processing /opt/airflow/dags/user_etl_pipeline.py took 1.123 seconds
[2026-01-15T08:49:21.407+0000] {processor.py:161} INFO - Started process (PID=85) to work on /opt/airflow/dags/user_etl_pipeline.py
[2026-01-15T08:49:21.408+0000] {processor.py:830} INFO - Processing file /opt/airflow/dags/user_etl_pipeline.py for tasks to queue
[2026-01-15T08:49:21.409+0000] {logging_mixin.py:188} INFO - [2026-01-15T08:49:21.408+0000] {dagbag.py:538} INFO - Filling up the DagBag from /opt/airflow/dags/user_etl_pipeline.py
[2026-01-15T08:49:21.644+0000] {processor.py:840} INFO - DAG(s) 'user_etl_pipeline' retrieved from /opt/airflow/dags/user_etl_pipeline.py
[2026-01-15T08:49:21.665+0000] {logging_mixin.py:188} INFO - [2026-01-15T08:49:21.665+0000] {dag.py:3036} INFO - Sync 1 DAGs
[2026-01-15T08:49:21.676+0000] {logging_mixin.py:188} INFO - [2026-01-15T08:49:21.675+0000] {dag.py:3823} INFO - Setting next_dagrun for user_etl_pipeline to None, run_after=None
[2026-01-15T08:49:21.698+0000] {processor.py:183} INFO - Processing /opt/airflow/dags/user_etl_pipeline.py took 0.294 seconds
[2026-01-15T08:49:51.916+0000] {processor.py:161} INFO - Started process (PID=87) to work on /opt/airflow/dags/user_etl_pipeline.py
[2026-01-15T08:49:51.918+0000] {processor.py:830} INFO - Processing file /opt/airflow/dags/user_etl_pipeline.py for tasks to queue
[2026-01-15T08:49:51.921+0000] {logging_mixin.py:188} INFO - [2026-01-15T08:49:51.920+0000] {dagbag.py:538} INFO - Filling up the DagBag from /opt/airflow/dags/user_etl_pipeline.py
[2026-01-15T08:49:52.823+0000] {processor.py:840} INFO - DAG(s) 'user_etl_pipeline' retrieved from /opt/airflow/dags/user_etl_pipeline.py
[2026-01-15T08:49:52.895+0000] {logging_mixin.py:188} INFO - [2026-01-15T08:49:52.894+0000] {dag.py:3036} INFO - Sync 1 DAGs
[2026-01-15T08:49:52.933+0000] {logging_mixin.py:188} INFO - [2026-01-15T08:49:52.932+0000] {dag.py:3823} INFO - Setting next_dagrun for user_etl_pipeline to None, run_after=None
[2026-01-15T08:49:52.989+0000] {processor.py:183} INFO - Processing /opt/airflow/dags/user_etl_pipeline.py took 1.082 seconds
[2026-01-15T08:50:23.230+0000] {processor.py:161} INFO - Started process (PID=89) to work on /opt/airflow/dags/user_etl_pipeline.py
[2026-01-15T08:50:23.232+0000] {processor.py:830} INFO - Processing file /opt/airflow/dags/user_etl_pipeline.py for tasks to queue
[2026-01-15T08:50:23.233+0000] {logging_mixin.py:188} INFO - [2026-01-15T08:50:23.232+0000] {dagbag.py:538} INFO - Filling up the DagBag from /opt/airflow/dags/user_etl_pipeline.py
[2026-01-15T08:50:23.464+0000] {processor.py:840} INFO - DAG(s) 'user_etl_pipeline' retrieved from /opt/airflow/dags/user_etl_pipeline.py
[2026-01-15T08:50:23.482+0000] {logging_mixin.py:188} INFO - [2026-01-15T08:50:23.482+0000] {dag.py:3036} INFO - Sync 1 DAGs
[2026-01-15T08:50:23.493+0000] {logging_mixin.py:188} INFO - [2026-01-15T08:50:23.493+0000] {dag.py:3823} INFO - Setting next_dagrun for user_etl_pipeline to None, run_after=None
[2026-01-15T08:50:23.511+0000] {processor.py:183} INFO - Processing /opt/airflow/dags/user_etl_pipeline.py took 0.284 seconds
[2026-01-15T08:50:53.707+0000] {processor.py:161} INFO - Started process (PID=91) to work on /opt/airflow/dags/user_etl_pipeline.py
[2026-01-15T08:50:53.711+0000] {processor.py:830} INFO - Processing file /opt/airflow/dags/user_etl_pipeline.py for tasks to queue
[2026-01-15T08:50:53.714+0000] {logging_mixin.py:188} INFO - [2026-01-15T08:50:53.713+0000] {dagbag.py:538} INFO - Filling up the DagBag from /opt/airflow/dags/user_etl_pipeline.py
[2026-01-15T08:50:54.345+0000] {processor.py:840} INFO - DAG(s) 'user_etl_pipeline' retrieved from /opt/airflow/dags/user_etl_pipeline.py
[2026-01-15T08:50:54.389+0000] {logging_mixin.py:188} INFO - [2026-01-15T08:50:54.389+0000] {dag.py:3036} INFO - Sync 1 DAGs
[2026-01-15T08:50:54.424+0000] {logging_mixin.py:188} INFO - [2026-01-15T08:50:54.423+0000] {dag.py:3823} INFO - Setting next_dagrun for user_etl_pipeline to None, run_after=None
[2026-01-15T08:50:54.484+0000] {processor.py:183} INFO - Processing /opt/airflow/dags/user_etl_pipeline.py took 0.787 seconds
[2026-01-15T08:51:24.720+0000] {processor.py:161} INFO - Started process (PID=93) to work on /opt/airflow/dags/user_etl_pipeline.py
[2026-01-15T08:51:24.721+0000] {processor.py:830} INFO - Processing file /opt/airflow/dags/user_etl_pipeline.py for tasks to queue
[2026-01-15T08:51:24.722+0000] {logging_mixin.py:188} INFO - [2026-01-15T08:51:24.722+0000] {dagbag.py:538} INFO - Filling up the DagBag from /opt/airflow/dags/user_etl_pipeline.py
[2026-01-15T08:51:24.991+0000] {processor.py:840} INFO - DAG(s) 'user_etl_pipeline' retrieved from /opt/airflow/dags/user_etl_pipeline.py
[2026-01-15T08:51:25.011+0000] {logging_mixin.py:188} INFO - [2026-01-15T08:51:25.011+0000] {dag.py:3036} INFO - Sync 1 DAGs
[2026-01-15T08:51:25.023+0000] {logging_mixin.py:188} INFO - [2026-01-15T08:51:25.022+0000] {dag.py:3823} INFO - Setting next_dagrun for user_etl_pipeline to None, run_after=None
[2026-01-15T08:51:25.045+0000] {processor.py:183} INFO - Processing /opt/airflow/dags/user_etl_pipeline.py took 0.329 seconds
[2026-01-15T08:51:55.592+0000] {processor.py:161} INFO - Started process (PID=95) to work on /opt/airflow/dags/user_etl_pipeline.py
[2026-01-15T08:51:55.619+0000] {processor.py:830} INFO - Processing file /opt/airflow/dags/user_etl_pipeline.py for tasks to queue
[2026-01-15T08:51:55.631+0000] {logging_mixin.py:188} INFO - [2026-01-15T08:51:55.628+0000] {dagbag.py:538} INFO - Filling up the DagBag from /opt/airflow/dags/user_etl_pipeline.py
[2026-01-15T08:51:58.472+0000] {processor.py:840} INFO - DAG(s) 'user_etl_pipeline' retrieved from /opt/airflow/dags/user_etl_pipeline.py
[2026-01-15T08:51:58.602+0000] {logging_mixin.py:188} INFO - [2026-01-15T08:51:58.601+0000] {dag.py:3036} INFO - Sync 1 DAGs
[2026-01-15T08:51:58.687+0000] {logging_mixin.py:188} INFO - [2026-01-15T08:51:58.686+0000] {dag.py:3823} INFO - Setting next_dagrun for user_etl_pipeline to None, run_after=None
[2026-01-15T08:51:58.792+0000] {processor.py:183} INFO - Processing /opt/airflow/dags/user_etl_pipeline.py took 3.236 seconds
[2026-01-15T08:52:29.355+0000] {processor.py:161} INFO - Started process (PID=97) to work on /opt/airflow/dags/user_etl_pipeline.py
[2026-01-15T08:52:29.368+0000] {processor.py:830} INFO - Processing file /opt/airflow/dags/user_etl_pipeline.py for tasks to queue
[2026-01-15T08:52:29.374+0000] {logging_mixin.py:188} INFO - [2026-01-15T08:52:29.373+0000] {dagbag.py:538} INFO - Filling up the DagBag from /opt/airflow/dags/user_etl_pipeline.py
[2026-01-15T08:52:32.064+0000] {processor.py:840} INFO - DAG(s) 'user_etl_pipeline' retrieved from /opt/airflow/dags/user_etl_pipeline.py
[2026-01-15T08:52:32.252+0000] {logging_mixin.py:188} INFO - [2026-01-15T08:52:32.249+0000] {dag.py:3036} INFO - Sync 1 DAGs
[2026-01-15T08:52:32.360+0000] {logging_mixin.py:188} INFO - [2026-01-15T08:52:32.359+0000] {dag.py:3823} INFO - Setting next_dagrun for user_etl_pipeline to None, run_after=None
[2026-01-15T08:52:32.571+0000] {processor.py:183} INFO - Processing /opt/airflow/dags/user_etl_pipeline.py took 3.243 seconds
[2026-01-15T08:53:02.920+0000] {processor.py:161} INFO - Started process (PID=99) to work on /opt/airflow/dags/user_etl_pipeline.py
[2026-01-15T08:53:02.936+0000] {processor.py:830} INFO - Processing file /opt/airflow/dags/user_etl_pipeline.py for tasks to queue
[2026-01-15T08:53:02.948+0000] {logging_mixin.py:188} INFO - [2026-01-15T08:53:02.942+0000] {dagbag.py:538} INFO - Filling up the DagBag from /opt/airflow/dags/user_etl_pipeline.py
[2026-01-15T08:53:04.937+0000] {processor.py:840} INFO - DAG(s) 'user_etl_pipeline' retrieved from /opt/airflow/dags/user_etl_pipeline.py
[2026-01-15T08:53:05.041+0000] {logging_mixin.py:188} INFO - [2026-01-15T08:53:05.039+0000] {dag.py:3036} INFO - Sync 1 DAGs
[2026-01-15T08:53:05.099+0000] {logging_mixin.py:188} INFO - [2026-01-15T08:53:05.098+0000] {dag.py:3823} INFO - Setting next_dagrun for user_etl_pipeline to None, run_after=None
[2026-01-15T08:53:05.202+0000] {processor.py:183} INFO - Processing /opt/airflow/dags/user_etl_pipeline.py took 2.304 seconds
[2026-01-15T08:53:35.598+0000] {processor.py:161} INFO - Started process (PID=101) to work on /opt/airflow/dags/user_etl_pipeline.py
[2026-01-15T08:53:35.602+0000] {processor.py:830} INFO - Processing file /opt/airflow/dags/user_etl_pipeline.py for tasks to queue
[2026-01-15T08:53:35.606+0000] {logging_mixin.py:188} INFO - [2026-01-15T08:53:35.605+0000] {dagbag.py:538} INFO - Filling up the DagBag from /opt/airflow/dags/user_etl_pipeline.py
[2026-01-15T08:53:36.277+0000] {processor.py:840} INFO - DAG(s) 'user_etl_pipeline' retrieved from /opt/airflow/dags/user_etl_pipeline.py
[2026-01-15T08:53:36.319+0000] {logging_mixin.py:188} INFO - [2026-01-15T08:53:36.318+0000] {dag.py:3036} INFO - Sync 1 DAGs
[2026-01-15T08:53:36.343+0000] {logging_mixin.py:188} INFO - [2026-01-15T08:53:36.342+0000] {dag.py:3823} INFO - Setting next_dagrun for user_etl_pipeline to None, run_after=None
[2026-01-15T08:53:36.385+0000] {processor.py:183} INFO - Processing /opt/airflow/dags/user_etl_pipeline.py took 0.799 seconds
[2026-01-15T08:54:06.614+0000] {processor.py:161} INFO - Started process (PID=103) to work on /opt/airflow/dags/user_etl_pipeline.py
[2026-01-15T08:54:06.617+0000] {processor.py:830} INFO - Processing file /opt/airflow/dags/user_etl_pipeline.py for tasks to queue
[2026-01-15T08:54:06.621+0000] {logging_mixin.py:188} INFO - [2026-01-15T08:54:06.619+0000] {dagbag.py:538} INFO - Filling up the DagBag from /opt/airflow/dags/user_etl_pipeline.py
[2026-01-15T08:54:07.276+0000] {processor.py:840} INFO - DAG(s) 'user_etl_pipeline' retrieved from /opt/airflow/dags/user_etl_pipeline.py
[2026-01-15T08:54:07.321+0000] {logging_mixin.py:188} INFO - [2026-01-15T08:54:07.320+0000] {dag.py:3036} INFO - Sync 1 DAGs
[2026-01-15T08:54:07.343+0000] {logging_mixin.py:188} INFO - [2026-01-15T08:54:07.342+0000] {dag.py:3823} INFO - Setting next_dagrun for user_etl_pipeline to None, run_after=None
[2026-01-15T08:54:07.380+0000] {processor.py:183} INFO - Processing /opt/airflow/dags/user_etl_pipeline.py took 0.774 seconds
[2026-01-15T08:54:37.607+0000] {processor.py:161} INFO - Started process (PID=105) to work on /opt/airflow/dags/user_etl_pipeline.py
[2026-01-15T08:54:37.608+0000] {processor.py:830} INFO - Processing file /opt/airflow/dags/user_etl_pipeline.py for tasks to queue
[2026-01-15T08:54:37.609+0000] {logging_mixin.py:188} INFO - [2026-01-15T08:54:37.609+0000] {dagbag.py:538} INFO - Filling up the DagBag from /opt/airflow/dags/user_etl_pipeline.py
[2026-01-15T08:54:37.887+0000] {processor.py:840} INFO - DAG(s) 'user_etl_pipeline' retrieved from /opt/airflow/dags/user_etl_pipeline.py
[2026-01-15T08:54:37.912+0000] {logging_mixin.py:188} INFO - [2026-01-15T08:54:37.911+0000] {dag.py:3036} INFO - Sync 1 DAGs
[2026-01-15T08:54:37.924+0000] {logging_mixin.py:188} INFO - [2026-01-15T08:54:37.923+0000] {dag.py:3823} INFO - Setting next_dagrun for user_etl_pipeline to None, run_after=None
[2026-01-15T08:54:37.948+0000] {processor.py:183} INFO - Processing /opt/airflow/dags/user_etl_pipeline.py took 0.345 seconds
[2026-01-15T08:55:08.144+0000] {processor.py:161} INFO - Started process (PID=107) to work on /opt/airflow/dags/user_etl_pipeline.py
[2026-01-15T08:55:08.147+0000] {processor.py:830} INFO - Processing file /opt/airflow/dags/user_etl_pipeline.py for tasks to queue
[2026-01-15T08:55:08.150+0000] {logging_mixin.py:188} INFO - [2026-01-15T08:55:08.150+0000] {dagbag.py:538} INFO - Filling up the DagBag from /opt/airflow/dags/user_etl_pipeline.py
[2026-01-15T08:55:09.325+0000] {processor.py:840} INFO - DAG(s) 'user_etl_pipeline' retrieved from /opt/airflow/dags/user_etl_pipeline.py
[2026-01-15T08:55:09.407+0000] {logging_mixin.py:188} INFO - [2026-01-15T08:55:09.405+0000] {dag.py:3036} INFO - Sync 1 DAGs
[2026-01-15T08:55:09.450+0000] {logging_mixin.py:188} INFO - [2026-01-15T08:55:09.449+0000] {dag.py:3823} INFO - Setting next_dagrun for user_etl_pipeline to None, run_after=None
[2026-01-15T08:55:09.537+0000] {processor.py:183} INFO - Processing /opt/airflow/dags/user_etl_pipeline.py took 1.401 seconds
[2026-01-15T08:55:39.848+0000] {processor.py:161} INFO - Started process (PID=109) to work on /opt/airflow/dags/user_etl_pipeline.py
[2026-01-15T08:55:39.850+0000] {processor.py:830} INFO - Processing file /opt/airflow/dags/user_etl_pipeline.py for tasks to queue
[2026-01-15T08:55:39.851+0000] {logging_mixin.py:188} INFO - [2026-01-15T08:55:39.851+0000] {dagbag.py:538} INFO - Filling up the DagBag from /opt/airflow/dags/user_etl_pipeline.py
[2026-01-15T08:55:40.105+0000] {processor.py:840} INFO - DAG(s) 'user_etl_pipeline' retrieved from /opt/airflow/dags/user_etl_pipeline.py
[2026-01-15T08:55:40.124+0000] {logging_mixin.py:188} INFO - [2026-01-15T08:55:40.124+0000] {dag.py:3036} INFO - Sync 1 DAGs
[2026-01-15T08:55:40.136+0000] {logging_mixin.py:188} INFO - [2026-01-15T08:55:40.136+0000] {dag.py:3823} INFO - Setting next_dagrun for user_etl_pipeline to None, run_after=None
[2026-01-15T08:55:40.160+0000] {processor.py:183} INFO - Processing /opt/airflow/dags/user_etl_pipeline.py took 0.315 seconds
