[2026-01-15T08:31:41.705+0000] {processor.py:161} INFO - Started process (PID=43) to work on /opt/airflow/dags/user_etl_dag.py
[2026-01-15T08:31:41.707+0000] {processor.py:830} INFO - Processing file /opt/airflow/dags/user_etl_dag.py for tasks to queue
[2026-01-15T08:31:41.709+0000] {logging_mixin.py:188} INFO - [2026-01-15T08:31:41.709+0000] {dagbag.py:538} INFO - Filling up the DagBag from /opt/airflow/dags/user_etl_dag.py
[2026-01-15T08:31:41.735+0000] {logging_mixin.py:188} INFO - [2026-01-15T08:31:41.730+0000] {dagbag.py:348} ERROR - Failed to import: /opt/airflow/dags/user_etl_dag.py
Traceback (most recent call last):
  File "/home/airflow/.local/lib/python3.8/site-packages/airflow/models/dagbag.py", line 344, in parse
    loader.exec_module(new_module)
  File "<frozen importlib._bootstrap_external>", line 843, in exec_module
  File "<frozen importlib._bootstrap>", line 219, in _call_with_frames_removed
  File "/opt/airflow/dags/user_etl_dag.py", line 7, in <module>
    from shared.etl_logic import extract_data, transform_data, load_data
ModuleNotFoundError: No module named 'shared'
[2026-01-15T08:31:41.739+0000] {processor.py:842} WARNING - No viable dags retrieved from /opt/airflow/dags/user_etl_dag.py
[2026-01-15T08:31:41.770+0000] {processor.py:183} INFO - Processing /opt/airflow/dags/user_etl_dag.py took 0.070 seconds
[2026-01-15T08:32:11.934+0000] {processor.py:161} INFO - Started process (PID=57) to work on /opt/airflow/dags/user_etl_dag.py
[2026-01-15T08:32:11.937+0000] {processor.py:830} INFO - Processing file /opt/airflow/dags/user_etl_dag.py for tasks to queue
[2026-01-15T08:32:11.939+0000] {logging_mixin.py:188} INFO - [2026-01-15T08:32:11.938+0000] {dagbag.py:538} INFO - Filling up the DagBag from /opt/airflow/dags/user_etl_dag.py
[2026-01-15T08:32:11.999+0000] {logging_mixin.py:188} INFO - [2026-01-15T08:32:11.985+0000] {dagbag.py:348} ERROR - Failed to import: /opt/airflow/dags/user_etl_dag.py
Traceback (most recent call last):
  File "/home/airflow/.local/lib/python3.8/site-packages/airflow/models/dagbag.py", line 344, in parse
    loader.exec_module(new_module)
  File "<frozen importlib._bootstrap_external>", line 843, in exec_module
  File "<frozen importlib._bootstrap>", line 219, in _call_with_frames_removed
  File "/opt/airflow/dags/user_etl_dag.py", line 7, in <module>
    from shared.etl_logic import extract_data, transform_data, load_data
ModuleNotFoundError: No module named 'shared'
[2026-01-15T08:32:12.003+0000] {processor.py:842} WARNING - No viable dags retrieved from /opt/airflow/dags/user_etl_dag.py
[2026-01-15T08:32:12.067+0000] {processor.py:183} INFO - Processing /opt/airflow/dags/user_etl_dag.py took 0.144 seconds
[2026-01-15T08:32:42.557+0000] {processor.py:161} INFO - Started process (PID=59) to work on /opt/airflow/dags/user_etl_dag.py
[2026-01-15T08:32:42.559+0000] {processor.py:830} INFO - Processing file /opt/airflow/dags/user_etl_dag.py for tasks to queue
[2026-01-15T08:32:42.562+0000] {logging_mixin.py:188} INFO - [2026-01-15T08:32:42.561+0000] {dagbag.py:538} INFO - Filling up the DagBag from /opt/airflow/dags/user_etl_dag.py
[2026-01-15T08:32:42.607+0000] {logging_mixin.py:188} INFO - [2026-01-15T08:32:42.598+0000] {dagbag.py:348} ERROR - Failed to import: /opt/airflow/dags/user_etl_dag.py
Traceback (most recent call last):
  File "/home/airflow/.local/lib/python3.8/site-packages/airflow/models/dagbag.py", line 344, in parse
    loader.exec_module(new_module)
  File "<frozen importlib._bootstrap_external>", line 843, in exec_module
  File "<frozen importlib._bootstrap>", line 219, in _call_with_frames_removed
  File "/opt/airflow/dags/user_etl_dag.py", line 7, in <module>
    from shared.etl_logic import extract_data, transform_data, load_data
ModuleNotFoundError: No module named 'shared'
[2026-01-15T08:32:42.611+0000] {processor.py:842} WARNING - No viable dags retrieved from /opt/airflow/dags/user_etl_dag.py
[2026-01-15T08:32:42.642+0000] {processor.py:183} INFO - Processing /opt/airflow/dags/user_etl_dag.py took 0.091 seconds
[2026-01-15T08:33:13.040+0000] {processor.py:161} INFO - Started process (PID=61) to work on /opt/airflow/dags/user_etl_dag.py
[2026-01-15T08:33:13.043+0000] {processor.py:830} INFO - Processing file /opt/airflow/dags/user_etl_dag.py for tasks to queue
[2026-01-15T08:33:13.045+0000] {logging_mixin.py:188} INFO - [2026-01-15T08:33:13.044+0000] {dagbag.py:538} INFO - Filling up the DagBag from /opt/airflow/dags/user_etl_dag.py
[2026-01-15T08:33:13.095+0000] {logging_mixin.py:188} INFO - [2026-01-15T08:33:13.085+0000] {dagbag.py:348} ERROR - Failed to import: /opt/airflow/dags/user_etl_dag.py
Traceback (most recent call last):
  File "/home/airflow/.local/lib/python3.8/site-packages/airflow/models/dagbag.py", line 344, in parse
    loader.exec_module(new_module)
  File "<frozen importlib._bootstrap_external>", line 843, in exec_module
  File "<frozen importlib._bootstrap>", line 219, in _call_with_frames_removed
  File "/opt/airflow/dags/user_etl_dag.py", line 7, in <module>
    from shared.etl_logic import extract_data, transform_data, load_data
ModuleNotFoundError: No module named 'shared'
[2026-01-15T08:33:13.098+0000] {processor.py:842} WARNING - No viable dags retrieved from /opt/airflow/dags/user_etl_dag.py
[2026-01-15T08:33:13.134+0000] {processor.py:183} INFO - Processing /opt/airflow/dags/user_etl_dag.py took 0.100 seconds
[2026-01-15T08:33:43.586+0000] {processor.py:161} INFO - Started process (PID=62) to work on /opt/airflow/dags/user_etl_dag.py
[2026-01-15T08:33:43.588+0000] {processor.py:830} INFO - Processing file /opt/airflow/dags/user_etl_dag.py for tasks to queue
[2026-01-15T08:33:43.590+0000] {logging_mixin.py:188} INFO - [2026-01-15T08:33:43.589+0000] {dagbag.py:538} INFO - Filling up the DagBag from /opt/airflow/dags/user_etl_dag.py
[2026-01-15T08:33:43.622+0000] {logging_mixin.py:188} INFO - [2026-01-15T08:33:43.613+0000] {dagbag.py:348} ERROR - Failed to import: /opt/airflow/dags/user_etl_dag.py
Traceback (most recent call last):
  File "/home/airflow/.local/lib/python3.8/site-packages/airflow/models/dagbag.py", line 344, in parse
    loader.exec_module(new_module)
  File "<frozen importlib._bootstrap_external>", line 843, in exec_module
  File "<frozen importlib._bootstrap>", line 219, in _call_with_frames_removed
  File "/opt/airflow/dags/user_etl_dag.py", line 7, in <module>
    from shared.etl_logic import extract_data, transform_data, load_data
ModuleNotFoundError: No module named 'shared'
[2026-01-15T08:33:43.624+0000] {processor.py:842} WARNING - No viable dags retrieved from /opt/airflow/dags/user_etl_dag.py
[2026-01-15T08:33:43.653+0000] {processor.py:183} INFO - Processing /opt/airflow/dags/user_etl_dag.py took 0.074 seconds
[2026-01-15T08:34:14.066+0000] {processor.py:161} INFO - Started process (PID=64) to work on /opt/airflow/dags/user_etl_dag.py
[2026-01-15T08:34:14.068+0000] {processor.py:830} INFO - Processing file /opt/airflow/dags/user_etl_dag.py for tasks to queue
[2026-01-15T08:34:14.070+0000] {logging_mixin.py:188} INFO - [2026-01-15T08:34:14.069+0000] {dagbag.py:538} INFO - Filling up the DagBag from /opt/airflow/dags/user_etl_dag.py
[2026-01-15T08:34:14.101+0000] {logging_mixin.py:188} INFO - [2026-01-15T08:34:14.095+0000] {dagbag.py:348} ERROR - Failed to import: /opt/airflow/dags/user_etl_dag.py
Traceback (most recent call last):
  File "/home/airflow/.local/lib/python3.8/site-packages/airflow/models/dagbag.py", line 344, in parse
    loader.exec_module(new_module)
  File "<frozen importlib._bootstrap_external>", line 843, in exec_module
  File "<frozen importlib._bootstrap>", line 219, in _call_with_frames_removed
  File "/opt/airflow/dags/user_etl_dag.py", line 7, in <module>
    from shared.etl_logic import extract_data, transform_data, load_data
ModuleNotFoundError: No module named 'shared'
[2026-01-15T08:34:14.103+0000] {processor.py:842} WARNING - No viable dags retrieved from /opt/airflow/dags/user_etl_dag.py
[2026-01-15T08:34:14.128+0000] {processor.py:183} INFO - Processing /opt/airflow/dags/user_etl_dag.py took 0.066 seconds
[2026-01-15T08:34:44.431+0000] {processor.py:161} INFO - Started process (PID=65) to work on /opt/airflow/dags/user_etl_dag.py
[2026-01-15T08:34:44.433+0000] {processor.py:830} INFO - Processing file /opt/airflow/dags/user_etl_dag.py for tasks to queue
[2026-01-15T08:34:44.435+0000] {logging_mixin.py:188} INFO - [2026-01-15T08:34:44.435+0000] {dagbag.py:538} INFO - Filling up the DagBag from /opt/airflow/dags/user_etl_dag.py
[2026-01-15T08:34:44.467+0000] {logging_mixin.py:188} INFO - [2026-01-15T08:34:44.459+0000] {dagbag.py:348} ERROR - Failed to import: /opt/airflow/dags/user_etl_dag.py
Traceback (most recent call last):
  File "/home/airflow/.local/lib/python3.8/site-packages/airflow/models/dagbag.py", line 344, in parse
    loader.exec_module(new_module)
  File "<frozen importlib._bootstrap_external>", line 843, in exec_module
  File "<frozen importlib._bootstrap>", line 219, in _call_with_frames_removed
  File "/opt/airflow/dags/user_etl_dag.py", line 7, in <module>
    from shared.etl_logic import extract_data, transform_data, load_data
ModuleNotFoundError: No module named 'shared'
[2026-01-15T08:34:44.469+0000] {processor.py:842} WARNING - No viable dags retrieved from /opt/airflow/dags/user_etl_dag.py
[2026-01-15T08:34:44.506+0000] {processor.py:183} INFO - Processing /opt/airflow/dags/user_etl_dag.py took 0.080 seconds
[2026-01-15T08:35:14.996+0000] {processor.py:161} INFO - Started process (PID=66) to work on /opt/airflow/dags/user_etl_dag.py
[2026-01-15T08:35:14.998+0000] {processor.py:830} INFO - Processing file /opt/airflow/dags/user_etl_dag.py for tasks to queue
[2026-01-15T08:35:15.000+0000] {logging_mixin.py:188} INFO - [2026-01-15T08:35:14.999+0000] {dagbag.py:538} INFO - Filling up the DagBag from /opt/airflow/dags/user_etl_dag.py
[2026-01-15T08:35:15.028+0000] {logging_mixin.py:188} INFO - [2026-01-15T08:35:15.021+0000] {dagbag.py:348} ERROR - Failed to import: /opt/airflow/dags/user_etl_dag.py
Traceback (most recent call last):
  File "/home/airflow/.local/lib/python3.8/site-packages/airflow/models/dagbag.py", line 344, in parse
    loader.exec_module(new_module)
  File "<frozen importlib._bootstrap_external>", line 843, in exec_module
  File "<frozen importlib._bootstrap>", line 219, in _call_with_frames_removed
  File "/opt/airflow/dags/user_etl_dag.py", line 7, in <module>
    from shared.etl_logic import extract_data, transform_data, load_data
ModuleNotFoundError: No module named 'shared'
[2026-01-15T08:35:15.032+0000] {processor.py:842} WARNING - No viable dags retrieved from /opt/airflow/dags/user_etl_dag.py
[2026-01-15T08:35:15.065+0000] {processor.py:183} INFO - Processing /opt/airflow/dags/user_etl_dag.py took 0.074 seconds
[2026-01-15T08:35:45.496+0000] {processor.py:161} INFO - Started process (PID=67) to work on /opt/airflow/dags/user_etl_dag.py
[2026-01-15T08:35:45.499+0000] {processor.py:830} INFO - Processing file /opt/airflow/dags/user_etl_dag.py for tasks to queue
[2026-01-15T08:35:45.500+0000] {logging_mixin.py:188} INFO - [2026-01-15T08:35:45.500+0000] {dagbag.py:538} INFO - Filling up the DagBag from /opt/airflow/dags/user_etl_dag.py
[2026-01-15T08:35:45.544+0000] {logging_mixin.py:188} INFO - [2026-01-15T08:35:45.536+0000] {dagbag.py:348} ERROR - Failed to import: /opt/airflow/dags/user_etl_dag.py
Traceback (most recent call last):
  File "/home/airflow/.local/lib/python3.8/site-packages/airflow/models/dagbag.py", line 344, in parse
    loader.exec_module(new_module)
  File "<frozen importlib._bootstrap_external>", line 843, in exec_module
  File "<frozen importlib._bootstrap>", line 219, in _call_with_frames_removed
  File "/opt/airflow/dags/user_etl_dag.py", line 7, in <module>
    from shared.etl_logic import extract_data, transform_data, load_data
ModuleNotFoundError: No module named 'shared'
[2026-01-15T08:35:45.548+0000] {processor.py:842} WARNING - No viable dags retrieved from /opt/airflow/dags/user_etl_dag.py
[2026-01-15T08:35:45.575+0000] {processor.py:183} INFO - Processing /opt/airflow/dags/user_etl_dag.py took 0.082 seconds
[2026-01-15T08:36:45.858+0000] {processor.py:161} INFO - Started process (PID=53) to work on /opt/airflow/dags/user_etl_dag.py
[2026-01-15T08:36:45.860+0000] {processor.py:830} INFO - Processing file /opt/airflow/dags/user_etl_dag.py for tasks to queue
[2026-01-15T08:36:45.863+0000] {logging_mixin.py:188} INFO - [2026-01-15T08:36:45.861+0000] {dagbag.py:538} INFO - Filling up the DagBag from /opt/airflow/dags/user_etl_dag.py
[2026-01-15T08:36:45.891+0000] {logging_mixin.py:188} INFO - [2026-01-15T08:36:45.886+0000] {dagbag.py:348} ERROR - Failed to import: /opt/airflow/dags/user_etl_dag.py
Traceback (most recent call last):
  File "/home/airflow/.local/lib/python3.8/site-packages/airflow/models/dagbag.py", line 344, in parse
    loader.exec_module(new_module)
  File "<frozen importlib._bootstrap_external>", line 843, in exec_module
  File "<frozen importlib._bootstrap>", line 219, in _call_with_frames_removed
  File "/opt/airflow/dags/user_etl_dag.py", line 7, in <module>
    from shared.etl_logic import extract_data, transform_data, load_data
ModuleNotFoundError: No module named 'shared'
[2026-01-15T08:36:45.893+0000] {processor.py:842} WARNING - No viable dags retrieved from /opt/airflow/dags/user_etl_dag.py
[2026-01-15T08:36:45.922+0000] {processor.py:183} INFO - Processing /opt/airflow/dags/user_etl_dag.py took 0.069 seconds
[2026-01-15T08:37:16.091+0000] {processor.py:161} INFO - Started process (PID=59) to work on /opt/airflow/dags/user_etl_dag.py
[2026-01-15T08:37:16.093+0000] {processor.py:830} INFO - Processing file /opt/airflow/dags/user_etl_dag.py for tasks to queue
[2026-01-15T08:37:16.095+0000] {logging_mixin.py:188} INFO - [2026-01-15T08:37:16.095+0000] {dagbag.py:538} INFO - Filling up the DagBag from /opt/airflow/dags/user_etl_dag.py
[2026-01-15T08:37:16.144+0000] {logging_mixin.py:188} INFO - [2026-01-15T08:37:16.135+0000] {dagbag.py:348} ERROR - Failed to import: /opt/airflow/dags/user_etl_dag.py
Traceback (most recent call last):
  File "/home/airflow/.local/lib/python3.8/site-packages/airflow/models/dagbag.py", line 344, in parse
    loader.exec_module(new_module)
  File "<frozen importlib._bootstrap_external>", line 843, in exec_module
  File "<frozen importlib._bootstrap>", line 219, in _call_with_frames_removed
  File "/opt/airflow/dags/user_etl_dag.py", line 7, in <module>
    from shared.etl_logic import extract_data, transform_data, load_data
ModuleNotFoundError: No module named 'shared'
[2026-01-15T08:37:16.148+0000] {processor.py:842} WARNING - No viable dags retrieved from /opt/airflow/dags/user_etl_dag.py
[2026-01-15T08:37:16.179+0000] {processor.py:183} INFO - Processing /opt/airflow/dags/user_etl_dag.py took 0.092 seconds
[2026-01-15T08:37:46.724+0000] {processor.py:161} INFO - Started process (PID=60) to work on /opt/airflow/dags/user_etl_dag.py
[2026-01-15T08:37:46.727+0000] {processor.py:830} INFO - Processing file /opt/airflow/dags/user_etl_dag.py for tasks to queue
[2026-01-15T08:37:46.729+0000] {logging_mixin.py:188} INFO - [2026-01-15T08:37:46.728+0000] {dagbag.py:538} INFO - Filling up the DagBag from /opt/airflow/dags/user_etl_dag.py
[2026-01-15T08:37:46.776+0000] {logging_mixin.py:188} INFO - [2026-01-15T08:37:46.766+0000] {dagbag.py:348} ERROR - Failed to import: /opt/airflow/dags/user_etl_dag.py
Traceback (most recent call last):
  File "/home/airflow/.local/lib/python3.8/site-packages/airflow/models/dagbag.py", line 344, in parse
    loader.exec_module(new_module)
  File "<frozen importlib._bootstrap_external>", line 843, in exec_module
  File "<frozen importlib._bootstrap>", line 219, in _call_with_frames_removed
  File "/opt/airflow/dags/user_etl_dag.py", line 7, in <module>
    from shared.etl_logic import extract_data, transform_data, load_data
ModuleNotFoundError: No module named 'shared'
[2026-01-15T08:37:46.780+0000] {processor.py:842} WARNING - No viable dags retrieved from /opt/airflow/dags/user_etl_dag.py
[2026-01-15T08:37:46.805+0000] {processor.py:183} INFO - Processing /opt/airflow/dags/user_etl_dag.py took 0.089 seconds
[2026-01-15T08:38:17.195+0000] {processor.py:161} INFO - Started process (PID=61) to work on /opt/airflow/dags/user_etl_dag.py
[2026-01-15T08:38:17.198+0000] {processor.py:830} INFO - Processing file /opt/airflow/dags/user_etl_dag.py for tasks to queue
[2026-01-15T08:38:17.199+0000] {logging_mixin.py:188} INFO - [2026-01-15T08:38:17.199+0000] {dagbag.py:538} INFO - Filling up the DagBag from /opt/airflow/dags/user_etl_dag.py
[2026-01-15T08:38:17.251+0000] {logging_mixin.py:188} INFO - [2026-01-15T08:38:17.243+0000] {dagbag.py:348} ERROR - Failed to import: /opt/airflow/dags/user_etl_dag.py
Traceback (most recent call last):
  File "/home/airflow/.local/lib/python3.8/site-packages/airflow/models/dagbag.py", line 344, in parse
    loader.exec_module(new_module)
  File "<frozen importlib._bootstrap_external>", line 843, in exec_module
  File "<frozen importlib._bootstrap>", line 219, in _call_with_frames_removed
  File "/opt/airflow/dags/user_etl_dag.py", line 7, in <module>
    from shared.etl_logic import extract_data, transform_data, load_data
ModuleNotFoundError: No module named 'shared'
[2026-01-15T08:38:17.254+0000] {processor.py:842} WARNING - No viable dags retrieved from /opt/airflow/dags/user_etl_dag.py
[2026-01-15T08:38:17.282+0000] {processor.py:183} INFO - Processing /opt/airflow/dags/user_etl_dag.py took 0.093 seconds
[2026-01-15T08:38:47.744+0000] {processor.py:161} INFO - Started process (PID=63) to work on /opt/airflow/dags/user_etl_dag.py
[2026-01-15T08:38:47.747+0000] {processor.py:830} INFO - Processing file /opt/airflow/dags/user_etl_dag.py for tasks to queue
[2026-01-15T08:38:47.749+0000] {logging_mixin.py:188} INFO - [2026-01-15T08:38:47.748+0000] {dagbag.py:538} INFO - Filling up the DagBag from /opt/airflow/dags/user_etl_dag.py
[2026-01-15T08:38:47.795+0000] {logging_mixin.py:188} INFO - [2026-01-15T08:38:47.787+0000] {dagbag.py:348} ERROR - Failed to import: /opt/airflow/dags/user_etl_dag.py
Traceback (most recent call last):
  File "/home/airflow/.local/lib/python3.8/site-packages/airflow/models/dagbag.py", line 344, in parse
    loader.exec_module(new_module)
  File "<frozen importlib._bootstrap_external>", line 843, in exec_module
  File "<frozen importlib._bootstrap>", line 219, in _call_with_frames_removed
  File "/opt/airflow/dags/user_etl_dag.py", line 7, in <module>
    from shared.etl_logic import extract_data, transform_data, load_data
ModuleNotFoundError: No module named 'shared'
[2026-01-15T08:38:47.798+0000] {processor.py:842} WARNING - No viable dags retrieved from /opt/airflow/dags/user_etl_dag.py
[2026-01-15T08:38:47.827+0000] {processor.py:183} INFO - Processing /opt/airflow/dags/user_etl_dag.py took 0.086 seconds
[2026-01-15T08:39:18.303+0000] {processor.py:161} INFO - Started process (PID=64) to work on /opt/airflow/dags/user_etl_dag.py
[2026-01-15T08:39:18.305+0000] {processor.py:830} INFO - Processing file /opt/airflow/dags/user_etl_dag.py for tasks to queue
[2026-01-15T08:39:18.307+0000] {logging_mixin.py:188} INFO - [2026-01-15T08:39:18.306+0000] {dagbag.py:538} INFO - Filling up the DagBag from /opt/airflow/dags/user_etl_dag.py
[2026-01-15T08:39:18.356+0000] {logging_mixin.py:188} INFO - [2026-01-15T08:39:18.347+0000] {dagbag.py:348} ERROR - Failed to import: /opt/airflow/dags/user_etl_dag.py
Traceback (most recent call last):
  File "/home/airflow/.local/lib/python3.8/site-packages/airflow/models/dagbag.py", line 344, in parse
    loader.exec_module(new_module)
  File "<frozen importlib._bootstrap_external>", line 843, in exec_module
  File "<frozen importlib._bootstrap>", line 219, in _call_with_frames_removed
  File "/opt/airflow/dags/user_etl_dag.py", line 7, in <module>
    from shared.etl_logic import extract_data, transform_data, load_data
ModuleNotFoundError: No module named 'shared'
[2026-01-15T08:39:18.359+0000] {processor.py:842} WARNING - No viable dags retrieved from /opt/airflow/dags/user_etl_dag.py
[2026-01-15T08:39:18.390+0000] {processor.py:183} INFO - Processing /opt/airflow/dags/user_etl_dag.py took 0.091 seconds
[2026-01-15T08:39:48.581+0000] {processor.py:161} INFO - Started process (PID=65) to work on /opt/airflow/dags/user_etl_dag.py
[2026-01-15T08:39:48.583+0000] {processor.py:830} INFO - Processing file /opt/airflow/dags/user_etl_dag.py for tasks to queue
[2026-01-15T08:39:48.585+0000] {logging_mixin.py:188} INFO - [2026-01-15T08:39:48.585+0000] {dagbag.py:538} INFO - Filling up the DagBag from /opt/airflow/dags/user_etl_dag.py
[2026-01-15T08:39:48.637+0000] {logging_mixin.py:188} INFO - [2026-01-15T08:39:48.627+0000] {dagbag.py:348} ERROR - Failed to import: /opt/airflow/dags/user_etl_dag.py
Traceback (most recent call last):
  File "/home/airflow/.local/lib/python3.8/site-packages/airflow/models/dagbag.py", line 344, in parse
    loader.exec_module(new_module)
  File "<frozen importlib._bootstrap_external>", line 843, in exec_module
  File "<frozen importlib._bootstrap>", line 219, in _call_with_frames_removed
  File "/opt/airflow/dags/user_etl_dag.py", line 7, in <module>
    from shared.etl_logic import extract_data, transform_data, load_data
ModuleNotFoundError: No module named 'shared'
[2026-01-15T08:39:48.641+0000] {processor.py:842} WARNING - No viable dags retrieved from /opt/airflow/dags/user_etl_dag.py
[2026-01-15T08:39:48.668+0000] {processor.py:183} INFO - Processing /opt/airflow/dags/user_etl_dag.py took 0.090 seconds
[2026-01-15T08:40:19.272+0000] {processor.py:161} INFO - Started process (PID=66) to work on /opt/airflow/dags/user_etl_dag.py
[2026-01-15T08:40:19.275+0000] {processor.py:830} INFO - Processing file /opt/airflow/dags/user_etl_dag.py for tasks to queue
[2026-01-15T08:40:19.285+0000] {logging_mixin.py:188} INFO - [2026-01-15T08:40:19.284+0000] {dagbag.py:538} INFO - Filling up the DagBag from /opt/airflow/dags/user_etl_dag.py
[2026-01-15T08:40:19.377+0000] {logging_mixin.py:188} INFO - [2026-01-15T08:40:19.363+0000] {dagbag.py:348} ERROR - Failed to import: /opt/airflow/dags/user_etl_dag.py
Traceback (most recent call last):
  File "/home/airflow/.local/lib/python3.8/site-packages/airflow/models/dagbag.py", line 344, in parse
    loader.exec_module(new_module)
  File "<frozen importlib._bootstrap_external>", line 843, in exec_module
  File "<frozen importlib._bootstrap>", line 219, in _call_with_frames_removed
  File "/opt/airflow/dags/user_etl_dag.py", line 7, in <module>
    from shared.etl_logic import extract_data, transform_data, load_data
ModuleNotFoundError: No module named 'shared'
[2026-01-15T08:40:19.381+0000] {processor.py:842} WARNING - No viable dags retrieved from /opt/airflow/dags/user_etl_dag.py
[2026-01-15T08:40:19.439+0000] {processor.py:183} INFO - Processing /opt/airflow/dags/user_etl_dag.py took 0.176 seconds
[2026-01-15T08:40:27.708+0000] {processor.py:161} INFO - Started process (PID=67) to work on /opt/airflow/dags/user_etl_dag.py
[2026-01-15T08:40:27.710+0000] {processor.py:830} INFO - Processing file /opt/airflow/dags/user_etl_dag.py for tasks to queue
[2026-01-15T08:40:27.711+0000] {logging_mixin.py:188} INFO - [2026-01-15T08:40:27.710+0000] {dagbag.py:538} INFO - Filling up the DagBag from /opt/airflow/dags/user_etl_dag.py
[2026-01-15T08:40:27.738+0000] {logging_mixin.py:188} INFO - [2026-01-15T08:40:27.735+0000] {dagbag.py:348} ERROR - Failed to import: /opt/airflow/dags/user_etl_dag.py
Traceback (most recent call last):
  File "/home/airflow/.local/lib/python3.8/site-packages/airflow/models/dagbag.py", line 344, in parse
    loader.exec_module(new_module)
  File "<frozen importlib._bootstrap_external>", line 843, in exec_module
  File "<frozen importlib._bootstrap>", line 219, in _call_with_frames_removed
  File "/opt/airflow/dags/user_etl_dag.py", line 7, in <module>
    from shared.etl_logic import extract_data, transform_data, load_data
ModuleNotFoundError: No module named 'shared'
[2026-01-15T08:40:27.739+0000] {processor.py:842} WARNING - No viable dags retrieved from /opt/airflow/dags/user_etl_dag.py
[2026-01-15T08:40:27.759+0000] {processor.py:183} INFO - Processing /opt/airflow/dags/user_etl_dag.py took 0.054 seconds
[2026-01-15T08:40:58.841+0000] {processor.py:161} INFO - Started process (PID=68) to work on /opt/airflow/dags/user_etl_dag.py
[2026-01-15T08:40:58.843+0000] {processor.py:830} INFO - Processing file /opt/airflow/dags/user_etl_dag.py for tasks to queue
[2026-01-15T08:40:58.844+0000] {logging_mixin.py:188} INFO - [2026-01-15T08:40:58.843+0000] {dagbag.py:538} INFO - Filling up the DagBag from /opt/airflow/dags/user_etl_dag.py
[2026-01-15T08:40:58.859+0000] {logging_mixin.py:188} INFO - [2026-01-15T08:40:58.856+0000] {dagbag.py:348} ERROR - Failed to import: /opt/airflow/dags/user_etl_dag.py
Traceback (most recent call last):
  File "/home/airflow/.local/lib/python3.8/site-packages/airflow/models/dagbag.py", line 344, in parse
    loader.exec_module(new_module)
  File "<frozen importlib._bootstrap_external>", line 843, in exec_module
  File "<frozen importlib._bootstrap>", line 219, in _call_with_frames_removed
  File "/opt/airflow/dags/user_etl_dag.py", line 7, in <module>
    from shared.etl_logic import extract_data, transform_data, load_data
ModuleNotFoundError: No module named 'shared'
[2026-01-15T08:40:58.861+0000] {processor.py:842} WARNING - No viable dags retrieved from /opt/airflow/dags/user_etl_dag.py
[2026-01-15T08:40:58.881+0000] {processor.py:183} INFO - Processing /opt/airflow/dags/user_etl_dag.py took 0.043 seconds
[2026-01-15T08:41:28.980+0000] {processor.py:161} INFO - Started process (PID=69) to work on /opt/airflow/dags/user_etl_dag.py
[2026-01-15T08:41:28.981+0000] {processor.py:830} INFO - Processing file /opt/airflow/dags/user_etl_dag.py for tasks to queue
[2026-01-15T08:41:28.983+0000] {logging_mixin.py:188} INFO - [2026-01-15T08:41:28.983+0000] {dagbag.py:538} INFO - Filling up the DagBag from /opt/airflow/dags/user_etl_dag.py
[2026-01-15T08:41:29.008+0000] {logging_mixin.py:188} INFO - [2026-01-15T08:41:29.005+0000] {dagbag.py:348} ERROR - Failed to import: /opt/airflow/dags/user_etl_dag.py
Traceback (most recent call last):
  File "/home/airflow/.local/lib/python3.8/site-packages/airflow/models/dagbag.py", line 344, in parse
    loader.exec_module(new_module)
  File "<frozen importlib._bootstrap_external>", line 843, in exec_module
  File "<frozen importlib._bootstrap>", line 219, in _call_with_frames_removed
  File "/opt/airflow/dags/user_etl_dag.py", line 7, in <module>
    from shared.etl_logic import extract_data, transform_data, load_data
ModuleNotFoundError: No module named 'shared'
[2026-01-15T08:41:29.009+0000] {processor.py:842} WARNING - No viable dags retrieved from /opt/airflow/dags/user_etl_dag.py
[2026-01-15T08:41:29.032+0000] {processor.py:183} INFO - Processing /opt/airflow/dags/user_etl_dag.py took 0.056 seconds
[2026-01-15T08:42:00.112+0000] {processor.py:161} INFO - Started process (PID=70) to work on /opt/airflow/dags/user_etl_dag.py
[2026-01-15T08:42:00.114+0000] {processor.py:830} INFO - Processing file /opt/airflow/dags/user_etl_dag.py for tasks to queue
[2026-01-15T08:42:00.115+0000] {logging_mixin.py:188} INFO - [2026-01-15T08:42:00.115+0000] {dagbag.py:538} INFO - Filling up the DagBag from /opt/airflow/dags/user_etl_dag.py
[2026-01-15T08:42:00.138+0000] {logging_mixin.py:188} INFO - [2026-01-15T08:42:00.133+0000] {dagbag.py:348} ERROR - Failed to import: /opt/airflow/dags/user_etl_dag.py
Traceback (most recent call last):
  File "/home/airflow/.local/lib/python3.8/site-packages/airflow/models/dagbag.py", line 344, in parse
    loader.exec_module(new_module)
  File "<frozen importlib._bootstrap_external>", line 843, in exec_module
  File "<frozen importlib._bootstrap>", line 219, in _call_with_frames_removed
  File "/opt/airflow/dags/user_etl_dag.py", line 7, in <module>
    from shared.etl_logic import extract_data, transform_data, load_data
ModuleNotFoundError: No module named 'shared'
[2026-01-15T08:42:00.139+0000] {processor.py:842} WARNING - No viable dags retrieved from /opt/airflow/dags/user_etl_dag.py
[2026-01-15T08:42:00.163+0000] {processor.py:183} INFO - Processing /opt/airflow/dags/user_etl_dag.py took 0.054 seconds
[2026-01-15T08:42:08.087+0000] {processor.py:161} INFO - Started process (PID=71) to work on /opt/airflow/dags/user_etl_dag.py
[2026-01-15T08:42:08.089+0000] {processor.py:830} INFO - Processing file /opt/airflow/dags/user_etl_dag.py for tasks to queue
[2026-01-15T08:42:08.091+0000] {logging_mixin.py:188} INFO - [2026-01-15T08:42:08.090+0000] {dagbag.py:538} INFO - Filling up the DagBag from /opt/airflow/dags/user_etl_dag.py
[2026-01-15T08:42:08.433+0000] {processor.py:840} INFO - DAG(s) 'user_etl_pipeline' retrieved from /opt/airflow/dags/user_etl_dag.py
[2026-01-15T08:42:08.594+0000] {logging_mixin.py:188} INFO - [2026-01-15T08:42:08.593+0000] {override.py:1769} INFO - Created Permission View: can read on DAG:user_etl_pipeline
[2026-01-15T08:42:08.608+0000] {logging_mixin.py:188} INFO - [2026-01-15T08:42:08.608+0000] {override.py:1769} INFO - Created Permission View: can edit on DAG:user_etl_pipeline
[2026-01-15T08:42:08.622+0000] {logging_mixin.py:188} INFO - [2026-01-15T08:42:08.621+0000] {override.py:1769} INFO - Created Permission View: can delete on DAG:user_etl_pipeline
[2026-01-15T08:42:08.623+0000] {logging_mixin.py:188} INFO - [2026-01-15T08:42:08.623+0000] {dag.py:3036} INFO - Sync 1 DAGs
[2026-01-15T08:42:08.639+0000] {logging_mixin.py:188} INFO - [2026-01-15T08:42:08.638+0000] {dag.py:3058} INFO - Creating ORM DAG for user_etl_pipeline
[2026-01-15T08:42:08.640+0000] {logging_mixin.py:188} INFO - [2026-01-15T08:42:08.640+0000] {dag.py:3823} INFO - Setting next_dagrun for user_etl_pipeline to None, run_after=None
[2026-01-15T08:42:08.875+0000] {processor.py:183} INFO - Processing /opt/airflow/dags/user_etl_dag.py took 0.792 seconds
[2026-01-15T08:42:15.671+0000] {processor.py:161} INFO - Started process (PID=73) to work on /opt/airflow/dags/user_etl_dag.py
[2026-01-15T08:42:15.672+0000] {processor.py:830} INFO - Processing file /opt/airflow/dags/user_etl_dag.py for tasks to queue
[2026-01-15T08:42:15.673+0000] {logging_mixin.py:188} INFO - [2026-01-15T08:42:15.673+0000] {dagbag.py:538} INFO - Filling up the DagBag from /opt/airflow/dags/user_etl_dag.py
[2026-01-15T08:42:16.061+0000] {processor.py:840} INFO - DAG(s) 'user_etl_pipeline' retrieved from /opt/airflow/dags/user_etl_dag.py
[2026-01-15T08:42:16.071+0000] {logging_mixin.py:188} INFO - [2026-01-15T08:42:16.071+0000] {dag.py:3036} INFO - Sync 1 DAGs
[2026-01-15T08:42:16.087+0000] {logging_mixin.py:188} INFO - [2026-01-15T08:42:16.087+0000] {dag.py:3823} INFO - Setting next_dagrun for user_etl_pipeline to None, run_after=None
[2026-01-15T08:42:16.114+0000] {processor.py:183} INFO - Processing /opt/airflow/dags/user_etl_dag.py took 0.447 seconds
